<?xml version="1.0" encoding="UTF-8"?>
<Site BuildName="(empty)"
	BuildStamp="20250401-0613-Experimental"
	Name="(empty)"
	Generator="ctest-3.28.3"
	CompilerName=""
	CompilerVersion=""
	OSName="Linux"
	Hostname="trevor-Latitude-5320"
	OSRelease="6.11.0-21-generic"
	OSVersion="#21~24.04.1-Ubuntu SMP PREEMPT_DYNAMIC Mon Feb 24 16:52:15 UTC 2"
	OSPlatform="x86_64"
	Is64Bits="1"
	VendorString="GenuineIntel"
	VendorID="Intel Corporation"
	FamilyID="6"
	ModelID="140"
	ProcessorCacheSize="12288"
	NumberOfLogicalCPU="8"
	NumberOfPhysicalCPU="4"
	TotalVirtualMemory="4095"
	TotalPhysicalMemory="15716"
	LogicalProcessorsPerPhysical="2"
	ProcessorClockFrequency="2828.23"
	>
	<Testing>
		<StartDateTime>Apr 01 20:28 NZDT</StartDateTime>
		<StartTestTime>1743492505</StartTestTime>
		<TestList/>
		<EndDateTime>Apr 01 20:28 NZDT</EndDateTime>
		<EndTestTime>1743492505</EndTestTime>
		<ElapsedMinutes>0</ElapsedMinutes>
	</Testing>
</Site>
